2026-05-11 08:02:49.712 [main] INFO  c.u.B.S.RealtimeBroadcastService - [INFO] Đã dọn dẹp toàn bộ phòng của User [user-1]
2026-05-11 08:02:49.725 [main] INFO  c.u.B.Service.AutoBidManager - [INFO] Đăng ký Auto-bid thành công cho User [bidder-1] tại phiên [session-1]
2026-05-11 08:02:49.726 [main] INFO  c.u.B.Service.AutoBidManager - [INFO] User [bidder-1] đã hủy Auto-bid tại phiên [session-1]
2026-05-11 08:02:49.728 [main] INFO  c.u.B.Service.AutoBidManager - [INFO] Đăng ký Auto-bid thành công cho User [bidder-1] tại phiên [session-1]
2026-05-11 08:02:49.728 [main] INFO  c.u.B.Service.AutoBidManager - [INFO] Đã gỡ Auto-Bid của User [bidder-1] do chạm ngưỡng maxBid.
2026-05-11 08:02:49.730 [main] INFO  c.u.B.Service.AutoBidManager - [INFO] Đăng ký Auto-bid thành công cho User [bidder-1] tại phiên [session-1]
2026-05-11 08:02:49.731 [main] INFO  c.u.B.Service.AutoBidManager - [INFO] Đăng ký Auto-bid thành công cho User [bidder-1] tại phiên [session-1]
2026-05-11 08:02:49.732 [main] INFO  c.u.B.Service.AutoBidManager - [INFO] Đăng ký Auto-bid thành công cho User [bidder-1] tại phiên [session-1]
2026-05-11 08:02:49.734 [main] INFO  c.u.B.Service.AutoBidManager - [INFO] Đăng ký Auto-bid thành công cho User [bidder-1] tại phiên [session-1]
2026-05-11 08:02:49.734 [main] INFO  c.u.B.Service.AutoBidManager - [INFO] Đăng ký Auto-bid thành công cho User [bidder-2] tại phiên [session-1]
2026-05-11 08:02:49.735 [main] INFO  c.u.B.Service.AutoBidManager - [INFO] Kích hoạt Auto-Bid cho User [bidder-1], giá đặt tự động: 110
2026-05-11 08:02:49.803 [main] ERROR c.u.B.S.RealtimeBroadcastService - [ERROR] Subscribe failed: sessionId is null or empty. UserId: user-1
2026-05-11 08:02:49.804 [main] ERROR c.u.B.S.RealtimeBroadcastService - [ERROR] Subscribe failed: sessionId is null or empty. UserId: user-1
2026-05-11 08:02:49.804 [main] ERROR c.u.B.S.RealtimeBroadcastService - [ERROR] Subscribe failed: userId is null or empty. SessionId: room-1
2026-05-11 08:02:49.804 [main] ERROR c.u.B.S.RealtimeBroadcastService - [ERROR] Subscribe failed: userId is null or empty. SessionId: room-1
2026-05-11 08:02:49.807 [main] INFO  c.u.B.S.RealtimeBroadcastService - [INFO] User [user-1] successfully subscribed to room [room-1]
2026-05-11 08:02:49.808 [main] INFO  c.u.B.S.RealtimeBroadcastService - [INFO] User [user-1] successfully subscribed to room [room-2]
2026-05-11 08:02:49.808 [main] INFO  c.u.B.S.RealtimeBroadcastService - [INFO] User [user-2] successfully subscribed to room [room-1]
2026-05-11 08:02:49.808 [main] INFO  c.u.B.S.RealtimeBroadcastService - [INFO] Đã dọn dẹp toàn bộ phòng của User [user-1]
2026-05-11 08:02:49.809 [main] INFO  c.u.B.S.RealtimeBroadcastService - [INFO] User [user-1] successfully subscribed to room [room-1]
2026-05-11 08:02:49.810 [main] INFO  c.u.B.S.RealtimeBroadcastService - [INFO] User [user-1] successfully subscribed to room [room-1]
2026-05-11 08:02:49.810 [main] INFO  c.u.B.S.RealtimeBroadcastService - [INFO] User [user-2] successfully subscribed to room [room-1]
2026-05-11 08:02:49.811 [main] INFO  c.u.B.S.RealtimeBroadcastService - [INFO] Đã đóng phòng phát thanh cho Session [room-1]. Giải phóng 2 users.
2026-05-11 08:02:49.811 [main] INFO  c.u.B.S.RealtimeBroadcastService - [INFO] User [user-1] successfully subscribed to room [room-1]
2026-05-11 08:02:49.812 [main] INFO  c.u.B.S.RealtimeBroadcastService - [INFO] User [user-1] left room [room-1]
2026-05-11 08:02:49.812 [main] INFO  c.u.B.S.RealtimeBroadcastService - [INFO] Room [room-1] is empty and has been removed.
2026-05-11 08:02:49.813 [main] INFO  c.u.B.S.RealtimeBroadcastService - [INFO] User [user-1] successfully subscribed to room [room-1]
2026-05-11 08:02:49.813 [main] INFO  c.u.B.S.RealtimeBroadcastService - [INFO] User [user-2] successfully subscribed to room [room-1]
2026-05-11 08:02:49.813 [main] INFO  c.u.B.S.RealtimeBroadcastService - [INFO] User [user-offline] successfully subscribed to room [room-1]
2026-05-11 08:02:49.814 [main] INFO  c.u.B.S.RealtimeBroadcastService - [WARN] Broadcast thất bại: User [user-offline] không online.
2026-05-11 08:02:55.520 [main] ERROR c.u.B.Utils.StorageService - [Storage Error] Body: Bad Request
2026-05-11 08:02:56.083 [Thread-1] INFO  c.u.B.Utils.DatabaseConnectionPool - Hệ thống tắt: Đã giải phóng Pool thành công.
